digraph finite_state_machine {
    fontname="Helvetica,Arial,sans-serif"
    node [fontname="Helvetica,Arial,sans-serif"]
    edge [fontname="Helvetica,Arial,sans-serif"]
    rankdir=LR;
    node [shape = circle style=filled fillcolor="lightcyan"]; 0;
    node [shape = doublecircle style=filled fillcolor="navy" fontcolor="white"]; 6;
    node [shape = circle style="" color="black" fontcolor="black"];
    0 -> 1 [label = "a"];
    0 -> 3 [label = "b"];
    1 -> 3 [label = "a"];
    1 -> 2 [label = "b"];
    2 -> 2 [label = "b"];
    2 -> 3 [label = "a"];
    3 -> 6 [label = "a"];
    3 -> 5 [label = "b"];
    4 -> 6 [label = "a"];
    4 -> 5 [label = "b"];
    5 -> 6 [label = "a"];
    5 -> 2 [label = "b"];
    6 -> 4 [label = "a"];
    6 -> 5 [label = "b"];
}
